2021-11-04 14:11:28 INFO::Writing function arguments to log file
2021-11-04 14:11:28 DEBUG::Function arguments
2021-11-04 14:11:28 DEBUG::Output folder: 211104_metaphlan_maskCD
2021-11-04 14:11:28 DEBUG::Min Abundance: 0.000100
2021-11-04 14:11:28 DEBUG::Min Prevalence: 0.100000
2021-11-04 14:11:28 DEBUG::Normalization: TSS
2021-11-04 14:11:28 DEBUG::Transform: LOG
2021-11-04 14:11:28 DEBUG::Analysis method: LM
2021-11-04 14:11:28 DEBUG::Max significance: 0.250000
2021-11-04 14:11:28 DEBUG::Random effects: CDT
2021-11-04 14:11:28 DEBUG::Fixed effects: Cdiff_EIA
2021-11-04 14:11:28 DEBUG::Correction method: BH
2021-11-04 14:11:28 DEBUG::Standardize: TRUE
2021-11-04 14:11:28 DEBUG::Cores: 1
2021-11-04 14:11:28 INFO::Verifying options selected are valid
2021-11-04 14:11:28 INFO::Determining format of input files
2021-11-04 14:11:28 INFO::Input format is data samples as rows and metadata samples as rows
2021-11-04 14:11:28 DEBUG::A total of 102 samples were found in both the data and metadata
2021-11-04 14:11:28 DEBUG::Reordering data/metadata to use same sample ordering
2021-11-04 14:11:28 INFO::Formula for random effects: expr ~ (1 | CDT)
2021-11-04 14:11:28 INFO::Formula for fixed effects: expr ~  Cdiff_EIA
2021-11-04 14:11:28 INFO::Filter data based on min abundance and min prevalence
2021-11-04 14:11:28 INFO::Total samples in data: 102
2021-11-04 14:11:28 INFO::Min samples required with min abundance for a feature not to be filtered: 10.200000
2021-11-04 14:11:28 INFO::Total filtered features: 20
2021-11-04 14:11:28 INFO::Filtered feature names from abundance and prevalence filtering: Alistipes_indistinctus, Alistipes_senegalensis, Bacteroides_intestinalis, Clostridium_glycolicum, Coprococcus_catus, Enterococcus_casseliflavus, Erysipelotrichaceae_bacterium_5_2_54FAA, Eubacterium_dolichum, Eubacterium_ramulus, Klebsiella_oxytoca, Lachnospiraceae_bacterium_9_1_43BFAA, Lactobacillus_casei_paracasei, Lactobacillus_reuteri, Megasphaera_micronuciformis, Parvimonas_unclassified, Peptostreptococcus_stomatis, Scardovia_wiggsiae, Streptococcus_cristatus, Streptococcus_mutans, Streptococcus_tigurinus
2021-11-04 14:11:28 INFO::Total filtered features with variance filtering: 20
2021-11-04 14:11:28 INFO::Filtered feature names from variance filtering: Actinomyces_graevenitzii, Actinomyces_viscosus, Anaerofustis_stercorihominis, Anaerotruncus_colihominis, Anaerotruncus_unclassified, Atopobium_parvulum, Bilophila_wadsworthia, Burkholderiales_bacterium_1_1_47, Clostridium_scindens, Dorea_unclassified, Gemella_sanguinis, Gordonibacter_pamelaeae, Granulicatella_unclassified, Holdemania_unclassified, Lachnospiraceae_bacterium_7_1_58FAA, Naumovozyma_unclassified, Parasutterella_excrementihominis, Roseburia_unclassified, Streptococcus_gordonii, Streptococcus_sanguinis
2021-11-04 14:11:28 INFO::Running selected normalization method: TSS
2021-11-04 14:11:28 INFO::Applying z-score to standardize continuous metadata
2021-11-04 14:11:28 INFO::Running selected transform method: LOG
2021-11-04 14:11:28 INFO::Running selected analysis method: LM
2021-11-04 14:11:28 INFO::Fitting model to feature number 1, Actinomyces_odontolyticus
2021-11-04 14:11:28 INFO::Fitting model to feature number 2, Akkermansia_muciniphila
2021-11-04 14:11:28 INFO::Fitting model to feature number 3, Alistipes_finegoldii
2021-11-04 14:11:28 INFO::Fitting model to feature number 4, Alistipes_onderdonkii
2021-11-04 14:11:28 INFO::Fitting model to feature number 5, Alistipes_putredinis
2021-11-04 14:11:28 INFO::Fitting model to feature number 6, Alistipes_shahii
2021-11-04 14:11:29 INFO::Fitting model to feature number 7, Alistipes_unclassified
2021-11-04 14:11:29 INFO::Fitting model to feature number 8, Anaerostipes_caccae
2021-11-04 14:11:29 INFO::Fitting model to feature number 9, Anaerostipes_hadrus
2021-11-04 14:11:29 INFO::Fitting model to feature number 10, Anaerostipes_unclassified
2021-11-04 14:11:29 INFO::Fitting model to feature number 11, Bacteroides_caccae
2021-11-04 14:11:29 INFO::Fitting model to feature number 12, Bacteroides_cellulosilyticus
2021-11-04 14:11:29 INFO::Fitting model to feature number 13, Bacteroides_dorei
2021-11-04 14:11:29 INFO::Fitting model to feature number 14, Bacteroides_faecis
2021-11-04 14:11:29 INFO::Fitting model to feature number 15, Bacteroides_finegoldii
2021-11-04 14:11:29 INFO::Fitting model to feature number 16, Bacteroides_fragilis
2021-11-04 14:11:29 INFO::Fitting model to feature number 17, Bacteroides_massiliensis
2021-11-04 14:11:29 INFO::Fitting model to feature number 18, Bacteroides_nordii
2021-11-04 14:11:29 INFO::Fitting model to feature number 19, Bacteroides_ovatus
2021-11-04 14:11:29 INFO::Fitting model to feature number 20, Bacteroides_stercoris
2021-11-04 14:11:29 INFO::Fitting model to feature number 21, Bacteroides_thetaiotaomicron
2021-11-04 14:11:29 INFO::Fitting model to feature number 22, Bacteroides_uniformis
2021-11-04 14:11:29 INFO::Fitting model to feature number 23, Bacteroides_vulgatus
2021-11-04 14:11:29 INFO::Fitting model to feature number 24, Bacteroides_xylanisolvens
2021-11-04 14:11:30 INFO::Fitting model to feature number 25, Barnesiella_intestinihominis
2021-11-04 14:11:30 INFO::Fitting model to feature number 26, Bifidobacterium_breve
2021-11-04 14:11:30 INFO::Fitting model to feature number 27, Bifidobacterium_dentium
2021-11-04 14:11:30 INFO::Fitting model to feature number 28, Bifidobacterium_longum
2021-11-04 14:11:30 INFO::Fitting model to feature number 29, Bilophila_unclassified
2021-11-04 14:11:30 INFO::Fitting model to feature number 30, Blautia_hydrogenotrophica
2021-11-04 14:11:30 INFO::Fitting model to feature number 31, Blautia_producta
2021-11-04 14:11:30 INFO::Fitting model to feature number 32, C2likevirus_unclassified
2021-11-04 14:11:30 INFO::Fitting model to feature number 33, Candida_albicans
2021-11-04 14:11:30 INFO::Fitting model to feature number 34, Candida_glabrata
2021-11-04 14:11:30 INFO::Fitting model to feature number 35, Citrobacter_freundii
2021-11-04 14:11:30 INFO::Fitting model to feature number 36, Citrobacter_unclassified
2021-11-04 14:11:30 INFO::Fitting model to feature number 37, Clostridiaceae_bacterium_JC118
2021-11-04 14:11:30 INFO::Fitting model to feature number 38, Clostridiales_bacterium_1_7_47FAA
2021-11-04 14:11:30 INFO::Fitting model to feature number 39, Clostridium_asparagiforme
2021-11-04 14:11:30 INFO::Fitting model to feature number 40, Clostridium_bartlettii
2021-11-04 14:11:30 INFO::Fitting model to feature number 41, Clostridium_bolteae
2021-11-04 14:11:30 INFO::Fitting model to feature number 42, Clostridium_citroniae
2021-11-04 14:11:30 INFO::Fitting model to feature number 43, Clostridium_clostridioforme
2021-11-04 14:11:31 INFO::Fitting model to feature number 44, Clostridium_hathewayi
2021-11-04 14:11:31 INFO::Fitting model to feature number 45, Clostridium_hylemonae
2021-11-04 14:11:31 INFO::Fitting model to feature number 46, Clostridium_innocuum
2021-11-04 14:11:31 INFO::Fitting model to feature number 47, Clostridium_leptum
2021-11-04 14:11:31 INFO::Fitting model to feature number 48, Clostridium_methylpentosum
2021-11-04 14:11:31 INFO::Fitting model to feature number 49, Clostridium_nexile
2021-11-04 14:11:31 INFO::Fitting model to feature number 50, Clostridium_perfringens
2021-11-04 14:11:31 INFO::Fitting model to feature number 51, Clostridium_ramosum
2021-11-04 14:11:31 INFO::Fitting model to feature number 52, Clostridium_symbiosum
2021-11-04 14:11:31 INFO::Fitting model to feature number 53, Collinsella_aerofaciens
2021-11-04 14:11:31 INFO::Fitting model to feature number 54, Coprobacillus_unclassified
2021-11-04 14:11:31 INFO::Fitting model to feature number 55, Coprococcus_comes
2021-11-04 14:11:31 INFO::Fitting model to feature number 56, Debaryomycetaceae_genus_unclassified
2021-11-04 14:11:31 INFO::Fitting model to feature number 57, Desulfovibrio_desulfuricans
2021-11-04 14:11:31 INFO::Fitting model to feature number 58, Dialister_invisus
2021-11-04 14:11:31 INFO::Fitting model to feature number 59, Dorea_formicigenerans
2021-11-04 14:11:31 INFO::Fitting model to feature number 60, Dorea_longicatena
2021-11-04 14:11:31 INFO::Fitting model to feature number 61, Eggerthella_lenta
2021-11-04 14:11:31 INFO::Fitting model to feature number 62, Eggerthella_unclassified
2021-11-04 14:11:31 INFO::Fitting model to feature number 63, Enterobacter_cloacae
2021-11-04 14:11:31 INFO::Fitting model to feature number 64, Enterococcus_avium
2021-11-04 14:11:32 INFO::Fitting model to feature number 65, Enterococcus_faecalis
2021-11-04 14:11:32 INFO::Fitting model to feature number 66, Enterococcus_faecium
2021-11-04 14:11:32 INFO::Fitting model to feature number 67, Erysipelotrichaceae_bacterium_2_2_44A
2021-11-04 14:11:32 INFO::Fitting model to feature number 68, Erysipelotrichaceae_bacterium_21_3
2021-11-04 14:11:32 INFO::Fitting model to feature number 69, Erysipelotrichaceae_bacterium_3_1_53
2021-11-04 14:11:32 INFO::Fitting model to feature number 70, Erysipelotrichaceae_bacterium_6_1_45
2021-11-04 14:11:32 INFO::Fitting model to feature number 71, Escherichia_coli
2021-11-04 14:11:32 INFO::Fitting model to feature number 72, Escherichia_unclassified
2021-11-04 14:11:32 INFO::Fitting model to feature number 73, Eubacterium_hallii
2021-11-04 14:11:32 INFO::Fitting model to feature number 74, Eubacterium_limosum
2021-11-04 14:11:32 INFO::Fitting model to feature number 75, Eubacterium_rectale
2021-11-04 14:11:32 INFO::Fitting model to feature number 76, Eubacterium_siraeum
2021-11-04 14:11:32 INFO::Fitting model to feature number 77, Eubacterium_sp_3_1_31
2021-11-04 14:11:32 INFO::Fitting model to feature number 78, Faecalibacterium_prausnitzii
2021-11-04 14:11:32 INFO::Fitting model to feature number 79, Finegoldia_magna
2021-11-04 14:11:32 INFO::Fitting model to feature number 80, Flavonifractor_plautii
2021-11-04 14:11:32 INFO::Fitting model to feature number 81, Fusobacterium_nucleatum
2021-11-04 14:11:32 INFO::Fitting model to feature number 82, Granulicatella_adiacens
2021-11-04 14:11:32 INFO::Fitting model to feature number 83, Haemophilus_parainfluenzae
2021-11-04 14:11:32 INFO::Fitting model to feature number 84, Holdemania_filiformis
2021-11-04 14:11:33 INFO::Fitting model to feature number 85, Klebsiella_pneumoniae
2021-11-04 14:11:33 INFO::Fitting model to feature number 86, Klebsiella_unclassified
2021-11-04 14:11:33 INFO::Fitting model to feature number 87, Lachnospiraceae_bacterium_1_1_57FAA
2021-11-04 14:11:33 INFO::Fitting model to feature number 88, Lachnospiraceae_bacterium_1_4_56FAA
2021-11-04 14:11:33 INFO::Fitting model to feature number 89, Lachnospiraceae_bacterium_2_1_58FAA
2021-11-04 14:11:33 INFO::Fitting model to feature number 90, Lachnospiraceae_bacterium_3_1_46FAA
2021-11-04 14:11:33 INFO::Fitting model to feature number 91, Lachnospiraceae_bacterium_3_1_57FAA_CT1
2021-11-04 14:11:33 INFO::Fitting model to feature number 92, Lachnospiraceae_bacterium_5_1_57FAA
2021-11-04 14:11:33 INFO::Fitting model to feature number 93, Lachnospiraceae_bacterium_5_1_63FAA
2021-11-04 14:11:33 INFO::Fitting model to feature number 94, Lachnospiraceae_bacterium_6_1_63FAA
2021-11-04 14:11:33 INFO::Fitting model to feature number 95, Lactobacillus_fermentum
2021-11-04 14:11:33 INFO::Fitting model to feature number 96, Lactobacillus_gasseri
2021-11-04 14:11:33 INFO::Fitting model to feature number 97, Lactobacillus_phage_Lc_Nu
2021-11-04 14:11:33 INFO::Fitting model to feature number 98, Lactobacillus_rhamnosus
2021-11-04 14:11:33 INFO::Fitting model to feature number 99, Lactobacillus_salivarius
2021-11-04 14:11:33 INFO::Fitting model to feature number 100, Lactococcus_lactis
2021-11-04 14:11:33 INFO::Fitting model to feature number 101, Methanobrevibacter_smithii
2021-11-04 14:11:33 INFO::Fitting model to feature number 102, Odoribacter_splanchnicus
2021-11-04 14:11:33 INFO::Fitting model to feature number 103, Oscillibacter_unclassified
2021-11-04 14:11:33 INFO::Fitting model to feature number 104, Parabacteroides_distasonis
2021-11-04 14:11:34 INFO::Fitting model to feature number 105, Parabacteroides_goldsteinii
2021-11-04 14:11:34 INFO::Fitting model to feature number 106, Parabacteroides_merdae
2021-11-04 14:11:34 INFO::Fitting model to feature number 107, Parabacteroides_unclassified
2021-11-04 14:11:34 INFO::Fitting model to feature number 108, Peptostreptococcaceae_noname_unclassified
2021-11-04 14:11:34 INFO::Fitting model to feature number 109, Roseburia_hominis
2021-11-04 14:11:34 INFO::Fitting model to feature number 110, Roseburia_intestinalis
2021-11-04 14:11:34 INFO::Fitting model to feature number 111, Roseburia_inulinivorans
2021-11-04 14:11:34 INFO::Fitting model to feature number 112, Rothia_dentocariosa
2021-11-04 14:11:34 INFO::Fitting model to feature number 113, Rothia_mucilaginosa
2021-11-04 14:11:34 INFO::Fitting model to feature number 114, Ruminococcaceae_bacterium_D16
2021-11-04 14:11:34 INFO::Fitting model to feature number 115, Ruminococcus_gnavus
2021-11-04 14:11:34 INFO::Fitting model to feature number 116, Ruminococcus_obeum
2021-11-04 14:11:34 INFO::Fitting model to feature number 117, Ruminococcus_sp_5_1_39BFAA
2021-11-04 14:11:34 INFO::Fitting model to feature number 118, Ruminococcus_torques
2021-11-04 14:11:34 INFO::Fitting model to feature number 119, Staphylococcus_epidermidis
2021-11-04 14:11:34 INFO::Fitting model to feature number 120, Streptococcus_anginosus
2021-11-04 14:11:34 INFO::Fitting model to feature number 121, Streptococcus_australis
2021-11-04 14:11:34 INFO::Fitting model to feature number 122, Streptococcus_infantis
2021-11-04 14:11:34 INFO::Fitting model to feature number 123, Streptococcus_mitis_oralis_pneumoniae
2021-11-04 14:11:34 INFO::Fitting model to feature number 124, Streptococcus_parasanguinis
2021-11-04 14:11:35 INFO::Fitting model to feature number 125, Streptococcus_salivarius
2021-11-04 14:11:35 INFO::Fitting model to feature number 126, Streptococcus_thermophilus
2021-11-04 14:11:35 INFO::Fitting model to feature number 127, Streptococcus_vestibularis
2021-11-04 14:11:35 INFO::Fitting model to feature number 128, Subdoligranulum_unclassified
2021-11-04 14:11:35 INFO::Fitting model to feature number 129, Sutterella_wadsworthensis
2021-11-04 14:11:35 INFO::Fitting model to feature number 130, Veillonella_atypica
2021-11-04 14:11:35 INFO::Fitting model to feature number 131, Veillonella_dispar
2021-11-04 14:11:35 INFO::Fitting model to feature number 132, Veillonella_parvula
2021-11-04 14:11:35 INFO::Fitting model to feature number 133, Veillonella_unclassified
2021-11-04 14:11:35 INFO::Counting total values for each feature
2021-11-04 14:11:35 INFO::Writing residuals to file 211104_metaphlan_maskCD/residuals.rds
2021-11-04 14:11:35 INFO::Writing fitted values to file 211104_metaphlan_maskCD/fitted.rds
2021-11-04 14:11:35 INFO::Writing extracted random effects to file 211104_metaphlan_maskCD/ranef.rds
2021-11-04 14:11:35 INFO::Writing all results to file (ordered by increasing q-values): 211104_metaphlan_maskCD/all_results.tsv
2021-11-04 14:11:35 INFO::Writing the significant results (those which are less than or equal to the threshold of 0.250000 ) to file (ordered by increasing q-values): 211104_metaphlan_maskCD/significant_results.tsv
2021-11-04 14:11:35 INFO::Writing heatmap of significant results to file: 211104_metaphlan_maskCD/heatmap.pdf
2021-11-04 14:11:35 INFO::Writing association plots (one for each significant association) to output folder: 211104_metaphlan_maskCD
2021-11-04 14:11:35 INFO::Plotting associations from most to least significant, grouped by metadata
2021-11-04 14:11:35 INFO::Plotting data for metadata number 1, Cdiff_EIA
2021-11-04 14:11:35 INFO::Creating boxplot for categorical data, Cdiff_EIA vs Lachnospiraceae_bacterium_5_1_63FAA
2021-11-04 14:11:35 INFO::Creating boxplot for categorical data, Cdiff_EIA vs Anaerostipes_hadrus
2021-11-04 14:11:35 INFO::Creating boxplot for categorical data, Cdiff_EIA vs Dorea_formicigenerans
2021-11-04 14:11:35 INFO::Creating boxplot for categorical data, Cdiff_EIA vs Ruminococcus_sp_5_1_39BFAA
2021-11-04 14:11:35 INFO::Creating boxplot for categorical data, Cdiff_EIA vs Clostridium_clostridioforme
2021-11-04 14:11:36 INFO::Creating boxplot for categorical data, Cdiff_EIA vs Eubacterium_hallii
2021-11-04 14:11:36 INFO::Creating boxplot for categorical data, Cdiff_EIA vs Coprococcus_comes
2021-11-04 14:11:36 INFO::Creating boxplot for categorical data, Cdiff_EIA vs Dorea_longicatena
2021-11-04 14:11:36 INFO::Creating boxplot for categorical data, Cdiff_EIA vs Eubacterium_rectale
2021-11-04 14:11:36 INFO::Creating boxplot for categorical data, Cdiff_EIA vs Roseburia_inulinivorans
2021-11-04 14:11:36 INFO::Creating boxplot for categorical data, Cdiff_EIA vs Streptococcus_parasanguinis
2021-11-04 14:11:36 INFO::Creating boxplot for categorical data, Cdiff_EIA vs Fusobacterium_nucleatum
2021-11-04 14:11:36 INFO::Creating boxplot for categorical data, Cdiff_EIA vs Escherichia_coli
2021-11-04 14:11:36 INFO::Creating boxplot for categorical data, Cdiff_EIA vs Eubacterium_sp_3_1_31
2021-11-04 14:11:36 INFO::Creating boxplot for categorical data, Cdiff_EIA vs Ruminococcus_obeum
2021-11-04 14:11:37 INFO::Creating boxplot for categorical data, Cdiff_EIA vs Veillonella_parvula
2021-11-04 14:11:37 INFO::Creating boxplot for categorical data, Cdiff_EIA vs Rothia_mucilaginosa
2021-11-04 14:11:37 INFO::Creating boxplot for categorical data, Cdiff_EIA vs Ruminococcus_gnavus
2021-11-04 14:11:37 INFO::Creating boxplot for categorical data, Cdiff_EIA vs Bilophila_unclassified
2021-11-04 14:11:37 INFO::Creating boxplot for categorical data, Cdiff_EIA vs Clostridium_asparagiforme
2021-11-04 14:11:37 INFO::Creating boxplot for categorical data, Cdiff_EIA vs Roseburia_hominis
2021-11-04 14:11:37 INFO::Creating boxplot for categorical data, Cdiff_EIA vs Streptococcus_salivarius
2021-11-04 14:11:37 INFO::Creating boxplot for categorical data, Cdiff_EIA vs Streptococcus_vestibularis
